Androrat/app/build/outputs/logs/manifest-merger-debug-report.txt
-- Merging decision tree log ---
manifest
ADDED from src/main/AndroidManifest.xml:2:1-64:12
	package
		ADDED from src/main/AndroidManifest.xml:3:5-28
		INJECTED from src/main/AndroidManifest.xml
		INJECTED from src/main/AndroidManifest.xml
	android:versionName
		ADDED from src/main/AndroidManifest.xml:5:5-30
		INJECTED from src/main/AndroidManifest.xml
		INJECTED from src/main/AndroidManifest.xml
	android:versionCode
		ADDED from src/main/AndroidManifest.xml:4:5-28
		INJECTED from src/main/AndroidManifest.xml
		INJECTED from src/main/AndroidManifest.xml
	xmlns:android
		ADDED from src/main/AndroidManifest.xml:2:11-69
uses-sdk
ADDED from src/main/AndroidManifest.xml:7:5-44
	android:targetSdkVersion
		INJECTED from src/main/AndroidManifest.xml
		INJECTED from src/main/AndroidManifest.xml
	android:minSdkVersion
		ADDED from src/main/AndroidManifest.xml:7:15-41
		INJECTED from src/main/AndroidManifest.xml
		INJECTED from src/main/AndroidManifest.xml
uses-permission#android.permission.RECEIVE_SMS
ADDED from src/main/AndroidManifest.xml:9:5-70
	android:name
		ADDED from src/main/AndroidManifest.xml:9:22-67
uses-permission#android.permission.READ_SMS
ADDED from src/main/AndroidManifest.xml:10:5-67
	android:name
		ADDED from src/main/AndroidManifest.xml:10:22-64
uses-permission#android.permission.SEND_SMS
ADDED from src/main/AndroidManifest.xml:11:5-67
	android:name
		ADDED from src/main/AndroidManifest.xml:11:22-64
uses-permission#android.permission.READ_PHONE_STATE
ADDED from src/main/AndroidManifest.xml:12:5-75
	android:name
		ADDED from src/main/AndroidManifest.xml:12:22-72
uses-permission#android.permission.PROCESS_OUTGOING_CALLS
ADDED from src/main/AndroidManifest.xml:13:5-81
	android:name
		ADDED from src/main/AndroidManifest.xml:13:22-78
uses-permission#android.permission.ACCESS_NETWORK_STATE
ADDED from src/main/AndroidManifest.xml:14:5-79
	android:name
		ADDED from src/main/AndroidManifest.xml:14:22-76
uses-permission#android.permission.ACCESS_FINE_LOCATION
ADDED from src/main/AndroidManifest.xml:15:5-79
	android:name
		ADDED from src/main/AndroidManifest.xml:15:22-76
uses-permission#android.permission.INTERNET
ADDED from src/main/AndroidManifest.xml:16:5-67
	android:name
		ADDED from src/main/AndroidManifest.xml:16:22-64
uses-permission#android.permission.RECORD_AUDIO
ADDED from src/main/AndroidManifest.xml:17:5-71
	android:name
		ADDED from src/main/AndroidManifest.xml:17:22-68
uses-permission#android.permission.WRITE_EXTERNAL_STORAGE
ADDED from src/main/AndroidManifest.xml:18:5-81
	android:name
		ADDED from src/main/AndroidManifest.xml:18:22-78
uses-permission#android.permission.CAMERA
ADDED from src/main/AndroidManifest.xml:19:5-65
	android:name
		ADDED from src/main/AndroidManifest.xml:19:22-62
uses-permission#android.permission.RECEIVE_BOOT_COMPLETED
ADDED from src/main/AndroidManifest.xml:20:5-81
	android:name
		ADDED from src/main/AndroidManifest.xml:20:22-78
uses-permission#android.permission.SYSTEM_ALERT_WINDOW
ADDED from src/main/AndroidManifest.xml:21:5-78
	android:name
		ADDED from src/main/AndroidManifest.xml:21:22-75
uses-permission#android.permission.CALL_PHONE
ADDED from src/main/AndroidManifest.xml:22:5-69
	android:name
		ADDED from src/main/AndroidManifest.xml:22:22-66
uses-permission#android.permission.READ_CONTACTS
ADDED from src/main/AndroidManifest.xml:23:5-72
	android:name
		ADDED from src/main/AndroidManifest.xml:23:22-69
uses-permission#android.permission.VIBRATE
ADDED from src/main/AndroidManifest.xml:24:5-66
	android:name
		ADDED from src/main/AndroidManifest.xml:24:22-63
uses-permission#android.permission.WAKE_LOCK
ADDED from src/main/AndroidManifest.xml:25:5-68
	android:name
		ADDED from src/main/AndroidManifest.xml:25:22-65
uses-feature#android.hardware.camera
ADDED from src/main/AndroidManifest.xml:27:5-60
	android:name
		ADDED from src/main/AndroidManifest.xml:27:19-57
uses-feature#android.hardware.camera.autofocus
ADDED from src/main/AndroidManifest.xml:28:5-70
	android:name
		ADDED from src/main/AndroidManifest.xml:28:19-67
application
ADDED from src/main/AndroidManifest.xml:30:5-62:19
	android:label
		ADDED from src/main/AndroidManifest.xml:31:9-41
receiver#my.app.client.BootReceiver
ADDED from src/main/AndroidManifest.xml:32:9-38:20
	android:name
		ADDED from src/main/AndroidManifest.xml:32:19-46
intent-filter#android.intent.action.BOOT_COMPLETED+android.intent.category.HOME
ADDED from src/main/AndroidManifest.xml:33:13-37:29
action#android.intent.action.BOOT_COMPLETED
ADDED from src/main/AndroidManifest.xml:34:17-79
	android:name
		ADDED from src/main/AndroidManifest.xml:34:25-76
category#android.intent.category.HOME
ADDED from src/main/AndroidManifest.xml:36:17-73
	android:name
		ADDED from src/main/AndroidManifest.xml:36:27-70
service#my.app.client.Client
ADDED from src/main/AndroidManifest.xml:40:9-44:19
	android:name
		ADDED from src/main/AndroidManifest.xml:40:18-53
intent-filter#.Client
ADDED from src/main/AndroidManifest.xml:41:13-43:29
action#.Client
ADDED from src/main/AndroidManifest.xml:42:17-50
	android:name
		ADDED from src/main/AndroidManifest.xml:42:25-47
receiver#my.app.client.AlarmListener
ADDED from src/main/AndroidManifest.xml:46:9-47:20
	android:name
		ADDED from src/main/AndroidManifest.xml:46:19-61
activity#my.app.client.LauncherActivity
ADDED from src/main/AndroidManifest.xml:49:9-57:20
	android:label
		ADDED from src/main/AndroidManifest.xml:51:13-45
	android:name
		ADDED from src/main/AndroidManifest.xml:50:13-58
intent-filter#android.intent.action.MAIN+android.intent.category.LAUNCHER
ADDED from src/main/AndroidManifest.xml:52:13-56:29
action#android.intent.action.MAIN
ADDED from src/main/AndroidManifest.xml:53:17-69
	android:name
		ADDED from src/main/AndroidManifest.xml:53:25-66
category#android.intent.category.LAUNCHER
ADDED from src/main/AndroidManifest.xml:55:17-77
	android:name
		ADDED from src/main/AndroidManifest.xml:55:27-74